<?xml version="1.0" encoding="UTF-8"?>
<testng-results skipped="0" failed="0" ignored="0" total="1" passed="1">
  <reporter-output>
    <line>
      <![CDATA[hiiiiiiiiiiiiiiiiiiiiiiiiiiiiii]]>
    </line>
  </reporter-output>
  <suite name="Suite" duration-ms="23" started-at="2018-02-13T05:58:24Z" finished-at="2018-02-13T05:58:24Z">
    <groups>
    </groups>
    <test name="Test" duration-ms="23" started-at="2018-02-13T05:58:24Z" finished-at="2018-02-13T05:58:24Z">
      <class name="Example.Execution">
        <test-method status="PASS" signature="testB()[pri:0, instance:Example.Execution@35d176f7]" name="testB" duration-ms="4" started-at="2018-02-13T05:58:24Z" finished-at="2018-02-13T05:58:24Z">
          <reporter-output>
            <line>
              <![CDATA[hiiiiiiiiiiiiiiiiiiiiiiiiiiiiii]]>
            </line>
          </reporter-output>
        </test-method> <!-- testB -->
      </class> <!-- Example.Execution -->
    </test> <!-- Test -->
  </suite> <!-- Suite -->
</testng-results>
